# JRE version: OpenJDK Runtime Environment (8.0_242-b01) (build 1.8.0_242-release-1644-b01)
# Java VM: OpenJDK 64-Bit Server VM (25.242-b01 mixed mode windows-amd64 compressed oops)
Heap:
 PSYoungGen      total 105984K, used 17934K [0x00000000d5580000, 0x00000000e2100000, 0x0000000100000000)
  eden space 94720K, 7% used [0x00000000d5580000,0x00000000d5c0b298,0x00000000db200000)
  from space 11264K, 99% used [0x00000000db200000,0x00000000dbcf8938,0x00000000dbd00000)
  to   space 13312K, 0% used [0x00000000e1400000,0x00000000e1400000,0x00000000e2100000)
 ParOldGen       total 62464K, used 7806K [0x0000000080000000, 0x0000000083d00000, 0x00000000d5580000)
  object space 62464K, 12% used [0x0000000080000000,0x000000008079fa78,0x0000000083d00000)
 Metaspace       used 33896K, capacity 35020K, committed 35120K, reserved 1079296K
  class space    used 4638K, capacity 4897K, committed 4912K, reserved 1048576K
GC Heap History (10 events):
Event: 18.418 GC heap before
{Heap before GC invocations=4 (full 0):
 PSYoungGen      total 57344K, used 57319K [0x00000000d5580000, 0x00000000d9580000, 0x0000000100000000)
  eden space 49152K, 100% used [0x00000000d5580000,0x00000000d8580000,0x00000000d8580000)
  from space 8192K, 99% used [0x00000000d8580000,0x00000000d8d79d20,0x00000000d8d80000)
  to   space 8192K, 0% used [0x00000000d8d80000,0x00000000d8d80000,0x00000000d9580000)
 ParOldGen       total 131072K, used 745K [0x0000000080000000, 0x0000000088000000, 0x00000000d5580000)
  object space 131072K, 0% used [0x0000000080000000,0x00000000800ba590,0x0000000088000000)
 Metaspace       used 20255K, capacity 20916K, committed 20992K, reserved 1067008K
  class space    used 2823K, capacity 3016K, committed 3072K, reserved 1048576K
Event: 18.426 GC heap after
Heap after GC invocations=4 (full 0):
 PSYoungGen      total 57344K, used 8175K [0x00000000d5580000, 0x00000000d9580000, 0x0000000100000000)
  eden space 49152K, 0% used [0x00000000d5580000,0x00000000d5580000,0x00000000d8580000)
  from space 8192K, 99% used [0x00000000d8d80000,0x00000000d957bd10,0x00000000d9580000)
  to   space 8192K, 0% used [0x00000000d8580000,0x00000000d8580000,0x00000000d8d80000)
 ParOldGen       total 131072K, used 2898K [0x0000000080000000, 0x0000000088000000, 0x00000000d5580000)
  object space 131072K, 2% used [0x0000000080000000,0x00000000802d4a50,0x0000000088000000)
 Metaspace       used 20255K, capacity 20916K, committed 20992K, reserved 1067008K
  class space    used 2823K, capacity 3016K, committed 3072K, reserved 1048576K
}
Event: 18.479 GC heap before
{Heap before GC invocations=5 (full 0):
 PSYoungGen      total 57344K, used 16308K [0x00000000d5580000, 0x00000000d9580000, 0x0000000100000000)
  eden space 49152K, 16% used [0x00000000d5580000,0x00000000d5d71338,0x00000000d8580000)
  from space 8192K, 99% used [0x00000000d8d80000,0x00000000d957bd10,0x00000000d9580000)
  to   space 8192K, 0% used [0x00000000d8580000,0x00000000d8580000,0x00000000d8d80000)
 ParOldGen       total 131072K, used 2898K [0x0000000080000000, 0x0000000088000000, 0x00000000d5580000)
  object space 131072K, 2% used [0x0000000080000000,0x00000000802d4a50,0x0000000088000000)
 Metaspace       used 20589K, capacity 21236K, committed 21296K, reserved 1067008K
  class space    used 2875K, capacity 3080K, committed 3120K, reserved 1048576K
Event: 18.484 GC heap after
Heap after GC invocations=5 (full 0):
 PSYoungGen      total 57344K, used 7088K [0x00000000d5580000, 0x00000000dcb80000, 0x0000000100000000)
  eden space 49152K, 0% used [0x00000000d5580000,0x00000000d5580000,0x00000000d8580000)
  from space 8192K, 86% used [0x00000000d8580000,0x00000000d8c6c040,0x00000000d8d80000)
  to   space 11264K, 0% used [0x00000000dc080000,0x00000000dc080000,0x00000000dcb80000)
 ParOldGen       total 131072K, used 2906K [0x0000000080000000, 0x0000000088000000, 0x00000000d5580000)
  object space 131072K, 2% used [0x0000000080000000,0x00000000802d6a50,0x0000000088000000)
 Metaspace       used 20589K, capacity 21236K, committed 21296K, reserved 1067008K
  class space    used 2875K, capacity 3080K, committed 3120K, reserved 1048576K
}
Event: 18.485 GC heap before
{Heap before GC invocations=6 (full 1):
 PSYoungGen      total 57344K, used 7088K [0x00000000d5580000, 0x00000000dcb80000, 0x0000000100000000)
  eden space 49152K, 0% used [0x00000000d5580000,0x00000000d5580000,0x00000000d8580000)
  from space 8192K, 86% used [0x00000000d8580000,0x00000000d8c6c040,0x00000000d8d80000)
  to   space 11264K, 0% used [0x00000000dc080000,0x00000000dc080000,0x00000000dcb80000)
 ParOldGen       total 131072K, used 2906K [0x0000000080000000, 0x0000000088000000, 0x00000000d5580000)
  object space 131072K, 2% used [0x0000000080000000,0x00000000802d6a50,0x0000000088000000)
 Metaspace       used 20589K, capacity 21236K, committed 21296K, reserved 1067008K
  class space    used 2875K, capacity 3080K, committed 3120K, reserved 1048576K
Event: 18.515 GC heap after
Heap after GC invocations=6 (full 1):
 PSYoungGen      total 57344K, used 0K [0x00000000d5580000, 0x00000000dcb80000, 0x0000000100000000)
  eden space 49152K, 0% used [0x00000000d5580000,0x00000000d5580000,0x00000000d8580000)
  from space 8192K, 0% used [0x00000000d8580000,0x00000000d8580000,0x00000000d8d80000)
  to   space 11264K, 0% used [0x00000000dc080000,0x00000000dc080000,0x00000000dcb80000)
 ParOldGen       total 62464K, used 7401K [0x0000000080000000, 0x0000000083d00000, 0x00000000d5580000)
  object space 62464K, 11% used [0x0000000080000000,0x000000008073a6a8,0x0000000083d00000)
 Metaspace       used 20589K, capacity 21236K, committed 21296K, reserved 1067008K
  class space    used 2875K, capacity 3080K, committed 3120K, reserved 1048576K
}
Event: 19.223 GC heap before
{Heap before GC invocations=7 (full 1):
 PSYoungGen      total 57344K, used 49152K [0x00000000d5580000, 0x00000000dcb80000, 0x0000000100000000)
  eden space 49152K, 100% used [0x00000000d5580000,0x00000000d8580000,0x00000000d8580000)
  from space 8192K, 0% used [0x00000000d8580000,0x00000000d8580000,0x00000000d8d80000)
  to   space 11264K, 0% used [0x00000000dc080000,0x00000000dc080000,0x00000000dcb80000)
 ParOldGen       total 62464K, used 7401K [0x0000000080000000, 0x0000000083d00000, 0x00000000d5580000)
  object space 62464K, 11% used [0x0000000080000000,0x000000008073a6a8,0x0000000083d00000)
 Metaspace       used 24609K, capacity 25406K, committed 25520K, reserved 1071104K
  class space    used 3501K, capacity 3747K, committed 3760K, reserved 1048576K
Event: 19.236 GC heap after
Heap after GC invocations=7 (full 1):
 PSYoungGen      total 102400K, used 5023K [0x00000000d5580000, 0x00000000dc800000, 0x0000000100000000)
  eden space 94720K, 0% used [0x00000000d5580000,0x00000000d5580000,0x00000000db200000)
  from space 7680K, 65% used [0x00000000dc080000,0x00000000dc567d40,0x00000000dc800000)
  to   space 11264K, 0% used [0x00000000db200000,0x00000000db200000,0x00000000dbd00000)
 ParOldGen       total 62464K, used 7409K [0x0000000080000000, 0x0000000083d00000, 0x00000000d5580000)
  object space 62464K, 11% used [0x0000000080000000,0x000000008073c6a8,0x0000000083d00000)
 Metaspace       used 24609K, capacity 25406K, committed 25520K, reserved 1071104K
  class space    used 3501K, capacity 3747K, committed 3760K, reserved 1048576K
}
Event: 21.436 GC heap before
{Heap before GC invocations=8 (full 1):
 PSYoungGen      total 102400K, used 99743K [0x00000000d5580000, 0x00000000dc800000, 0x0000000100000000)
  eden space 94720K, 100% used [0x00000000d5580000,0x00000000db200000,0x00000000db200000)
  from space 7680K, 65% used [0x00000000dc080000,0x00000000dc567d40,0x00000000dc800000)
  to   space 11264K, 0% used [0x00000000db200000,0x00000000db200000,0x00000000dbd00000)
 ParOldGen       total 62464K, used 7409K [0x0000000080000000, 0x0000000083d00000, 0x00000000d5580000)
  object space 62464K, 11% used [0x0000000080000000,0x000000008073c6a8,0x0000000083d00000)
 Metaspace       used 33636K, capacity 34790K, committed 34864K, reserved 1079296K
  class space    used 4602K, capacity 4864K, committed 4912K, reserved 1048576K
Event: 21.454 GC heap after
Heap after GC invocations=8 (full 1):
 PSYoungGen      total 105984K, used 11234K [0x00000000d5580000, 0x00000000e2100000, 0x0000000100000000)
  eden space 94720K, 0% used [0x00000000d5580000,0x00000000d5580000,0x00000000db200000)
  from space 11264K, 99% used [0x00000000db200000,0x00000000dbcf8938,0x00000000dbd00000)
  to   space 13312K, 0% used [0x00000000e1400000,0x00000000e1400000,0x00000000e2100000)
 ParOldGen       total 62464K, used 7806K [0x0000000080000000, 0x0000000083d00000, 0x00000000d5580000)
  object space 62464K, 12% used [0x0000000080000000,0x000000008079fa78,0x0000000083d00000)
 Metaspace       used 33636K, capacity 34790K, committed 34864K, reserved 1079296K
  class space    used 4602K, capacity 4864K, committed 4912K, reserved 1048576K
}

