# JRE version: OpenJDK Runtime Environment (8.0_242-b01) (build 1.8.0_242-release-1644-b01)
# Java VM: OpenJDK 64-Bit Server VM (25.242-b01 mixed mode windows-amd64 compressed oops)
Heap:
 PSYoungGen      total 246272K, used 94699K [0x00000000d5580000, 0x00000000e6600000, 0x0000000100000000)
  eden space 229376K, 33% used [0x00000000d5580000,0x00000000da17cc38,0x00000000e3580000)
  from space 16896K, 99% used [0x00000000e5580000,0x00000000e65fe170,0x00000000e6600000)
  to   space 21504K, 0% used [0x00000000e3c00000,0x00000000e3c00000,0x00000000e5100000)
 ParOldGen       total 162816K, used 94598K [0x0000000080000000, 0x0000000089f00000, 0x00000000d5580000)
  object space 162816K, 58% used [0x0000000080000000,0x0000000085c61860,0x0000000089f00000)
 Metaspace       used 78981K, capacity 83194K, committed 83224K, reserved 1120256K
  class space    used 10746K, capacity 11552K, committed 11568K, reserved 1048576K
GC Heap History (10 events):
Event: 11.127 GC heap before
{Heap before GC invocations=13 (full 2):
 PSYoungGen      total 203264K, used 26611K [0x00000000d5580000, 0x00000000e3980000, 0x0000000100000000)
  eden space 189952K, 7% used [0x00000000d5580000,0x00000000d627fa18,0x00000000e0f00000)
  from space 13312K, 99% used [0x00000000e2200000,0x00000000e2efd300,0x00000000e2f00000)
  to   space 19456K, 0% used [0x00000000e0f00000,0x00000000e0f00000,0x00000000e2200000)
 ParOldGen       total 109568K, used 26817K [0x0000000080000000, 0x0000000086b00000, 0x00000000d5580000)
  object space 109568K, 24% used [0x0000000080000000,0x0000000081a30630,0x0000000086b00000)
 Metaspace       used 56786K, capacity 59142K, committed 59160K, reserved 1099776K
  class space    used 7774K, capacity 8224K, committed 8240K, reserved 1048576K
Event: 11.159 GC heap after
Heap after GC invocations=13 (full 2):
 PSYoungGen      total 209408K, used 14164K [0x00000000d5580000, 0x00000000e6900000, 0x0000000100000000)
  eden space 189952K, 0% used [0x00000000d5580000,0x00000000d5580000,0x00000000e0f00000)
  from space 19456K, 72% used [0x00000000e0f00000,0x00000000e1cd5320,0x00000000e2200000)
  to   space 19968K, 0% used [0x00000000e5580000,0x00000000e5580000,0x00000000e6900000)
 ParOldGen       total 109568K, used 26817K [0x0000000080000000, 0x0000000086b00000, 0x00000000d5580000)
  object space 109568K, 24% used [0x0000000080000000,0x0000000081a30630,0x0000000086b00000)
 Metaspace       used 56786K, capacity 59142K, committed 59160K, reserved 1099776K
  class space    used 7774K, capacity 8224K, committed 8240K, reserved 1048576K
}
Event: 11.159 GC heap before
{Heap before GC invocations=14 (full 3):
 PSYoungGen      total 209408K, used 14164K [0x00000000d5580000, 0x00000000e6900000, 0x0000000100000000)
  eden space 189952K, 0% used [0x00000000d5580000,0x00000000d5580000,0x00000000e0f00000)
  from space 19456K, 72% used [0x00000000e0f00000,0x00000000e1cd5320,0x00000000e2200000)
  to   space 19968K, 0% used [0x00000000e5580000,0x00000000e5580000,0x00000000e6900000)
 ParOldGen       total 109568K, used 26817K [0x0000000080000000, 0x0000000086b00000, 0x00000000d5580000)
  object space 109568K, 24% used [0x0000000080000000,0x0000000081a30630,0x0000000086b00000)
 Metaspace       used 56786K, capacity 59142K, committed 59160K, reserved 1099776K
  class space    used 7774K, capacity 8224K, committed 8240K, reserved 1048576K
Event: 11.630 GC heap after
Heap after GC invocations=14 (full 3):
 PSYoungGen      total 209408K, used 0K [0x00000000d5580000, 0x00000000e6900000, 0x0000000100000000)
  eden space 189952K, 0% used [0x00000000d5580000,0x00000000d5580000,0x00000000e0f00000)
  from space 19456K, 0% used [0x00000000e0f00000,0x00000000e0f00000,0x00000000e2200000)
  to   space 19968K, 0% used [0x00000000e5580000,0x00000000e5580000,0x00000000e6900000)
 ParOldGen       total 162816K, used 29480K [0x0000000080000000, 0x0000000089f00000, 0x00000000d5580000)
  object space 162816K, 18% used [0x0000000080000000,0x0000000081cca0e8,0x0000000089f00000)
 Metaspace       used 56738K, capacity 58980K, committed 59160K, reserved 1099776K
  class space    used 7759K, capacity 8197K, committed 8240K, reserved 1048576K
}
Event: 16.159 GC heap before
{Heap before GC invocations=15 (full 3):
 PSYoungGen      total 209408K, used 189952K [0x00000000d5580000, 0x00000000e6900000, 0x0000000100000000)
  eden space 189952K, 100% used [0x00000000d5580000,0x00000000e0f00000,0x00000000e0f00000)
  from space 19456K, 0% used [0x00000000e0f00000,0x00000000e0f00000,0x00000000e2200000)
  to   space 19968K, 0% used [0x00000000e5580000,0x00000000e5580000,0x00000000e6900000)
 ParOldGen       total 162816K, used 29480K [0x0000000080000000, 0x0000000089f00000, 0x00000000d5580000)
  object space 162816K, 18% used [0x0000000080000000,0x0000000081cca0e8,0x0000000089f00000)
 Metaspace       used 63835K, capacity 66788K, committed 66968K, reserved 1107968K
  class space    used 8796K, capacity 9357K, committed 9392K, reserved 1048576K
Event: 16.186 GC heap after
Heap after GC invocations=15 (full 3):
 PSYoungGen      total 246272K, used 16557K [0x00000000d5580000, 0x00000000e6600000, 0x0000000100000000)
  eden space 229376K, 0% used [0x00000000d5580000,0x00000000d5580000,0x00000000e3580000)
  from space 16896K, 97% used [0x00000000e5580000,0x00000000e65ab4e0,0x00000000e6600000)
  to   space 21504K, 0% used [0x00000000e3c00000,0x00000000e3c00000,0x00000000e5100000)
 ParOldGen       total 162816K, used 29488K [0x0000000080000000, 0x0000000089f00000, 0x00000000d5580000)
  object space 162816K, 18% used [0x0000000080000000,0x0000000081ccc0e8,0x0000000089f00000)
 Metaspace       used 63835K, capacity 66788K, committed 66968K, reserved 1107968K
  class space    used 8796K, capacity 9357K, committed 9392K, reserved 1048576K
}
Event: 20.977 GC heap before
{Heap before GC invocations=16 (full 3):
 PSYoungGen      total 246272K, used 245933K [0x00000000d5580000, 0x00000000e6600000, 0x0000000100000000)
  eden space 229376K, 100% used [0x00000000d5580000,0x00000000e3580000,0x00000000e3580000)
  from space 16896K, 97% used [0x00000000e5580000,0x00000000e65ab4e0,0x00000000e6600000)
  to   space 21504K, 0% used [0x00000000e3c00000,0x00000000e3c00000,0x00000000e5100000)
 ParOldGen       total 162816K, used 29488K [0x0000000080000000, 0x0000000089f00000, 0x00000000d5580000)
  object space 162816K, 18% used [0x0000000080000000,0x0000000081ccc0e8,0x0000000089f00000)
 Metaspace       used 71045K, capacity 74930K, committed 75160K, reserved 1114112K
  class space    used 9913K, capacity 10662K, committed 10672K, reserved 1048576K
Event: 21.173 GC heap after
Heap after GC invocations=16 (full 3):
 PSYoungGen      total 250880K, used 21490K [0x00000000d5580000, 0x00000000e6600000, 0x0000000100000000)
  eden space 229376K, 0% used [0x00000000d5580000,0x00000000d5580000,0x00000000e3580000)
  from space 21504K, 99% used [0x00000000e3c00000,0x00000000e50fc978,0x00000000e5100000)
  to   space 16896K, 0% used [0x00000000e5580000,0x00000000e5580000,0x00000000e6600000)
 ParOldGen       total 162816K, used 78721K [0x0000000080000000, 0x0000000089f00000, 0x00000000d5580000)
  object space 162816K, 48% used [0x0000000080000000,0x0000000084ce0618,0x0000000089f00000)
 Metaspace       used 71045K, capacity 74930K, committed 75160K, reserved 1114112K
  class space    used 9913K, capacity 10662K, committed 10672K, reserved 1048576K
}
Event: 38.312 GC heap before
{Heap before GC invocations=17 (full 3):
 PSYoungGen      total 250880K, used 250866K [0x00000000d5580000, 0x00000000e6600000, 0x0000000100000000)
  eden space 229376K, 100% used [0x00000000d5580000,0x00000000e3580000,0x00000000e3580000)
  from space 21504K, 99% used [0x00000000e3c00000,0x00000000e50fc978,0x00000000e5100000)
  to   space 16896K, 0% used [0x00000000e5580000,0x00000000e5580000,0x00000000e6600000)
 ParOldGen       total 162816K, used 78721K [0x0000000080000000, 0x0000000089f00000, 0x00000000d5580000)
  object space 162816K, 48% used [0x0000000080000000,0x0000000084ce0618,0x0000000089f00000)
 Metaspace       used 78711K, capacity 82954K, committed 83224K, reserved 1120256K
  class space    used 10739K, capacity 11538K, committed 11568K, reserved 1048576K
Event: 38.376 GC heap after
Heap after GC invocations=17 (full 3):
 PSYoungGen      total 246272K, used 16888K [0x00000000d5580000, 0x00000000e6600000, 0x0000000100000000)
  eden space 229376K, 0% used [0x00000000d5580000,0x00000000d5580000,0x00000000e3580000)
  from space 16896K, 99% used [0x00000000e5580000,0x00000000e65fe170,0x00000000e6600000)
  to   space 21504K, 0% used [0x00000000e3c00000,0x00000000e3c00000,0x00000000e5100000)
 ParOldGen       total 162816K, used 94598K [0x0000000080000000, 0x0000000089f00000, 0x00000000d5580000)
  object space 162816K, 58% used [0x0000000080000000,0x0000000085c61860,0x0000000089f00000)
 Metaspace       used 78711K, capacity 82954K, committed 83224K, reserved 1120256K
  class space    used 10739K, capacity 11538K, committed 11568K, reserved 1048576K
}

