# JRE version: OpenJDK Runtime Environment (8.0_242-b01) (build 1.8.0_242-release-1644-b01)
# Java VM: OpenJDK 64-Bit Server VM (25.242-b01 mixed mode windows-amd64 compressed oops)
Heap:
 PSYoungGen      total 242176K, used 116210K [0x00000000d5580000, 0x00000000e9100000, 0x0000000100000000)
  eden space 220672K, 42% used [0x00000000d5580000,0x00000000db1febe8,0x00000000e2d00000)
  from space 21504K, 99% used [0x00000000e2d00000,0x00000000e41fdd98,0x00000000e4200000)
  to   space 30720K, 0% used [0x00000000e7300000,0x00000000e7300000,0x00000000e9100000)
 ParOldGen       total 111104K, used 46433K [0x0000000080000000, 0x0000000086c80000, 0x00000000d5580000)
  object space 111104K, 41% used [0x0000000080000000,0x0000000082d58650,0x0000000086c80000)
 Metaspace       used 78263K, capacity 82660K, committed 82968K, reserved 1120256K
  class space    used 10881K, capacity 11700K, committed 11824K, reserved 1048576K
GC Heap History (10 events):
Event: 20.849 GC heap before
{Heap before GC invocations=12 (full 2):
 PSYoungGen      total 170496K, used 169089K [0x00000000d5580000, 0x00000000e2800000, 0x0000000100000000)
  eden space 158208K, 100% used [0x00000000d5580000,0x00000000df000000,0x00000000df000000)
  from space 12288K, 88% used [0x00000000df000000,0x00000000dfaa0558,0x00000000dfc00000)
  to   space 13312K, 0% used [0x00000000e1b00000,0x00000000e1b00000,0x00000000e2800000)
 ParOldGen       total 111104K, used 14130K [0x0000000080000000, 0x0000000086c80000, 0x00000000d5580000)
  object space 111104K, 12% used [0x0000000080000000,0x0000000080dcc800,0x0000000086c80000)
 Metaspace       used 55467K, capacity 57686K, committed 58024K, reserved 1099776K
  class space    used 7554K, capacity 8024K, committed 8112K, reserved 1048576K
Event: 20.888 GC heap after
Heap after GC invocations=12 (full 2):
 PSYoungGen      total 196608K, used 13284K [0x00000000d5580000, 0x00000000e2f80000, 0x0000000100000000)
  eden space 183296K, 0% used [0x00000000d5580000,0x00000000d5580000,0x00000000e0880000)
  from space 13312K, 99% used [0x00000000e1b00000,0x00000000e27f92f0,0x00000000e2800000)
  to   space 18944K, 0% used [0x00000000e0880000,0x00000000e0880000,0x00000000e1b00000)
 ParOldGen       total 111104K, used 26441K [0x0000000080000000, 0x0000000086c80000, 0x00000000d5580000)
  object space 111104K, 23% used [0x0000000080000000,0x00000000819d2408,0x0000000086c80000)
 Metaspace       used 55467K, capacity 57686K, committed 58024K, reserved 1099776K
  class space    used 7554K, capacity 8024K, committed 8112K, reserved 1048576K
}
Event: 21.359 GC heap before
{Heap before GC invocations=13 (full 2):
 PSYoungGen      total 196608K, used 32537K [0x00000000d5580000, 0x00000000e2f80000, 0x0000000100000000)
  eden space 183296K, 10% used [0x00000000d5580000,0x00000000d684d260,0x00000000e0880000)
  from space 13312K, 99% used [0x00000000e1b00000,0x00000000e27f92f0,0x00000000e2800000)
  to   space 18944K, 0% used [0x00000000e0880000,0x00000000e0880000,0x00000000e1b00000)
 ParOldGen       total 111104K, used 26441K [0x0000000080000000, 0x0000000086c80000, 0x00000000d5580000)
  object space 111104K, 23% used [0x0000000080000000,0x00000000819d2408,0x0000000086c80000)
 Metaspace       used 56622K, capacity 59016K, committed 59160K, reserved 1099776K
  class space    used 7746K, capacity 8213K, committed 8240K, reserved 1048576K
Event: 21.386 GC heap after
Heap after GC invocations=13 (full 2):
 PSYoungGen      total 202240K, used 14852K [0x00000000d5580000, 0x00000000e5800000, 0x0000000100000000)
  eden space 183296K, 0% used [0x00000000d5580000,0x00000000d5580000,0x00000000e0880000)
  from space 18944K, 78% used [0x00000000e0880000,0x00000000e17012f0,0x00000000e1b00000)
  to   space 19968K, 0% used [0x00000000e4480000,0x00000000e4480000,0x00000000e5800000)
 ParOldGen       total 111104K, used 26441K [0x0000000080000000, 0x0000000086c80000, 0x00000000d5580000)
  object space 111104K, 23% used [0x0000000080000000,0x00000000819d2408,0x0000000086c80000)
 Metaspace       used 56622K, capacity 59016K, committed 59160K, reserved 1099776K
  class space    used 7746K, capacity 8213K, committed 8240K, reserved 1048576K
}
Event: 21.386 GC heap before
{Heap before GC invocations=14 (full 3):
 PSYoungGen      total 202240K, used 14852K [0x00000000d5580000, 0x00000000e5800000, 0x0000000100000000)
  eden space 183296K, 0% used [0x00000000d5580000,0x00000000d5580000,0x00000000e0880000)
  from space 18944K, 78% used [0x00000000e0880000,0x00000000e17012f0,0x00000000e1b00000)
  to   space 19968K, 0% used [0x00000000e4480000,0x00000000e4480000,0x00000000e5800000)
 ParOldGen       total 111104K, used 26441K [0x0000000080000000, 0x0000000086c80000, 0x00000000d5580000)
  object space 111104K, 23% used [0x0000000080000000,0x00000000819d2408,0x0000000086c80000)
 Metaspace       used 56622K, capacity 59016K, committed 59160K, reserved 1099776K
  class space    used 7746K, capacity 8213K, committed 8240K, reserved 1048576K
Event: 21.852 GC heap after
Heap after GC invocations=14 (full 3):
 PSYoungGen      total 202240K, used 0K [0x00000000d5580000, 0x00000000e5800000, 0x0000000100000000)
  eden space 183296K, 0% used [0x00000000d5580000,0x00000000d5580000,0x00000000e0880000)
  from space 18944K, 0% used [0x00000000e0880000,0x00000000e0880000,0x00000000e1b00000)
  to   space 19968K, 0% used [0x00000000e4480000,0x00000000e4480000,0x00000000e5800000)
 ParOldGen       total 111104K, used 29731K [0x0000000080000000, 0x0000000086c80000, 0x00000000d5580000)
  object space 111104K, 26% used [0x0000000080000000,0x0000000081d08c70,0x0000000086c80000)
 Metaspace       used 56591K, capacity 58914K, committed 59160K, reserved 1099776K
  class space    used 7737K, capacity 8196K, committed 8240K, reserved 1048576K
}
Event: 27.922 GC heap before
{Heap before GC invocations=15 (full 3):
 PSYoungGen      total 202240K, used 183296K [0x00000000d5580000, 0x00000000e5800000, 0x0000000100000000)
  eden space 183296K, 100% used [0x00000000d5580000,0x00000000e0880000,0x00000000e0880000)
  from space 18944K, 0% used [0x00000000e0880000,0x00000000e0880000,0x00000000e1b00000)
  to   space 19968K, 0% used [0x00000000e4480000,0x00000000e4480000,0x00000000e5800000)
 ParOldGen       total 111104K, used 29731K [0x0000000080000000, 0x0000000086c80000, 0x00000000d5580000)
  object space 111104K, 26% used [0x0000000080000000,0x0000000081d08c70,0x0000000086c80000)
 Metaspace       used 63676K, capacity 66656K, committed 66712K, reserved 1105920K
  class space    used 8775K, capacity 9387K, committed 9392K, reserved 1048576K
Event: 27.939 GC heap after
Heap after GC invocations=15 (full 3):
 PSYoungGen      total 239616K, used 16400K [0x00000000d5580000, 0x00000000e5700000, 0x0000000100000000)
  eden space 220672K, 0% used [0x00000000d5580000,0x00000000d5580000,0x00000000e2d00000)
  from space 18944K, 86% used [0x00000000e4480000,0x00000000e5484268,0x00000000e5700000)
  to   space 21504K, 0% used [0x00000000e2d00000,0x00000000e2d00000,0x00000000e4200000)
 ParOldGen       total 111104K, used 29739K [0x0000000080000000, 0x0000000086c80000, 0x00000000d5580000)
  object space 111104K, 26% used [0x0000000080000000,0x0000000081d0ac70,0x0000000086c80000)
 Metaspace       used 63676K, capacity 66656K, committed 66712K, reserved 1105920K
  class space    used 8775K, capacity 9387K, committed 9392K, reserved 1048576K
}
Event: 32.680 GC heap before
{Heap before GC invocations=16 (full 3):
 PSYoungGen      total 239616K, used 237072K [0x00000000d5580000, 0x00000000e5700000, 0x0000000100000000)
  eden space 220672K, 100% used [0x00000000d5580000,0x00000000e2d00000,0x00000000e2d00000)
  from space 18944K, 86% used [0x00000000e4480000,0x00000000e5484268,0x00000000e5700000)
  to   space 21504K, 0% used [0x00000000e2d00000,0x00000000e2d00000,0x00000000e4200000)
 ParOldGen       total 111104K, used 29739K [0x0000000080000000, 0x0000000086c80000, 0x00000000d5580000)
  object space 111104K, 26% used [0x0000000080000000,0x0000000081d0ac70,0x0000000086c80000)
 Metaspace       used 70301K, capacity 73690K, committed 73752K, reserved 1112064K
  class space    used 9619K, capacity 10253K, committed 10288K, reserved 1048576K
Event: 32.734 GC heap after
Heap after GC invocations=16 (full 3):
 PSYoungGen      total 242176K, used 21495K [0x00000000d5580000, 0x00000000e9100000, 0x0000000100000000)
  eden space 220672K, 0% used [0x00000000d5580000,0x00000000d5580000,0x00000000e2d00000)
  from space 21504K, 99% used [0x00000000e2d00000,0x00000000e41fdd98,0x00000000e4200000)
  to   space 30720K, 0% used [0x00000000e7300000,0x00000000e7300000,0x00000000e9100000)
 ParOldGen       total 111104K, used 46433K [0x0000000080000000, 0x0000000086c80000, 0x00000000d5580000)
  object space 111104K, 41% used [0x0000000080000000,0x0000000082d58650,0x0000000086c80000)
 Metaspace       used 70301K, capacity 73690K, committed 73752K, reserved 1112064K
  class space    used 9619K, capacity 10253K, committed 10288K, reserved 1048576K
}

